<?xml version="1.0" encoding="UTF-8"?>
<testsuite xmlns:xsi="http://www.w3.org/2001/XMLSchema-instance" xsi:noNamespaceSchemaLocation="https://maven.apache.org/surefire/maven-surefire-plugin/xsd/surefire-test-report.xsd" name="TestRunner.TestRunner" time="0.07" tests="1" errors="1" skipped="0" failures="0">
  <properties>
[...]
</properties>
  <testcase name="initializationError" classname="TestRunner.TestRunner" time="0.004">
    <error message="The glue path contained invalid identifiers C:/Users/Venkatesh/eclipse-workspace/Cucumbertestfm/target/test-classes/Stepdefinitions" type="java.lang.IllegalArgumentException">java.lang.IllegalArgumentException: The glue path contained invalid identifiers C:/Users/Venkatesh/eclipse-workspace/Cucumbertestfm/target/test-classes/Stepdefinitions
</error>
  </testcase>
</testsuite>