-------------------------------------------------------------------------------
Test set: TestRunner.TestRunner
-------------------------------------------------------------------------------
Tests run: 1, Failures: 0, Errors: 1, Skipped: 0, Time elapsed: 0.07 s <<< FAILURE! - in TestRunner.TestRunner
initializationError(TestRunner.TestRunner)  Time elapsed: 0.004 s  <<< ERROR!
java.lang.IllegalArgumentException: The glue path contained invalid identifiers C:/Users/Venkatesh/eclipse-workspace/Cucumbertestfm/target/test-classes/Stepdefinitions

